This is pdfTeX, Version 3.14159265-2.6-1.40.21 (MiKTeX 2.9.7380 64-bit) (preloaded format=pdflatex 2020.7.1)  5 JUL 2022 01:20
entering extended mode
**./Hazard_and_Risk_plot_updated.tex
(Hazard_and_Risk_plot_updated.tex
LaTeX2e <2020-02-02> patch level 5
L3 programming layer <2020-03-06> ("C:\Users\Kelvin\AppData\Local\Programs\MiKT
eX 2.9\tex/latex/base\article.cls"
Document Class: article 2019/12/20 v1.4l Standard LaTeX document class
("C:\Users\Kelvin\AppData\Local\Programs\MiKTeX 2.9\tex/latex/base\size11.clo"
File: size11.clo 2019/12/20 v1.4l Standard LaTeX file (size option)
)
\c@part=\count167
\c@section=\count168
\c@subsection=\count169
\c@subsubsection=\count170
\c@paragraph=\count171
\c@subparagraph=\count172
\c@figure=\count173
\c@table=\count174
\abovecaptionskip=\skip47
\belowcaptionskip=\skip48
\bibindent=\dimen134
)
("C:\Users\Kelvin\AppData\Local\Programs\MiKTeX 2.9\tex/latex/amsmath\amsmath.s
ty"
Package: amsmath 2020/01/20 v2.17e AMS math features
\@mathmargin=\skip49
For additional information on amsmath, use the `?' option.

("C:\Users\Kelvin\AppData\Local\Programs\MiKTeX 2.9\tex/latex/amsmath\amstext.s
ty"
Package: amstext 2000/06/29 v2.01 AMS text

("C:\Users\Kelvin\AppData\Local\Programs\MiKTeX 2.9\tex/latex/amsmath\amsgen.st
y"
File: amsgen.sty 1999/11/30 v2.0 generic functions
\@emptytoks=\toks15
\ex@=\dimen135
))
("C:\Users\Kelvin\AppData\Local\Programs\MiKTeX 2.9\tex/latex/amsmath\amsbsy.st
y"
Package: amsbsy 1999/11/29 v1.2d Bold Symbols
\pmbraise@=\dimen136
)
("C:\Users\Kelvin\AppData\Local\Programs\MiKTeX 2.9\tex/latex/amsmath\amsopn.st
y"
Package: amsopn 2016/03/08 v2.02 operator names
)
\inf@bad=\count175
LaTeX Info: Redefining \frac on input line 227.
\uproot@=\count176
\leftroot@=\count177
LaTeX Info: Redefining \overline on input line 389.
\classnum@=\count178
\DOTSCASE@=\count179
LaTeX Info: Redefining \ldots on input line 486.
LaTeX Info: Redefining \dots on input line 489.
LaTeX Info: Redefining \cdots on input line 610.
\Mathstrutbox@=\box45
\strutbox@=\box46
\big@size=\dimen137
LaTeX Font Info:    Redeclaring font encoding OML on input line 733.
LaTeX Font Info:    Redeclaring font encoding OMS on input line 734.
\macc@depth=\count180
\c@MaxMatrixCols=\count181
\dotsspace@=\muskip16
\c@parentequation=\count182
\dspbrk@lvl=\count183
\tag@help=\toks16
\row@=\count184
\column@=\count185
\maxfields@=\count186
\andhelp@=\toks17
\eqnshift@=\dimen138
\alignsep@=\dimen139
\tagshift@=\dimen140
\tagwidth@=\dimen141
\totwidth@=\dimen142
\lineht@=\dimen143
\@envbody=\toks18
\multlinegap=\skip50
\multlinetaggap=\skip51
\mathdisplay@stack=\toks19
LaTeX Info: Redefining \[ on input line 2859.
LaTeX Info: Redefining \] on input line 2860.
)
("C:\Users\Kelvin\AppData\Local\Programs\MiKTeX 2.9\tex/latex/amsfonts\amssymb.
sty"
Package: amssymb 2013/01/14 v3.01 AMS font symbols

("C:\Users\Kelvin\AppData\Local\Programs\MiKTeX 2.9\tex/latex/amsfonts\amsfonts
.sty"
Package: amsfonts 2013/01/14 v3.01 Basic AMSFonts support
\symAMSa=\mathgroup4
\symAMSb=\mathgroup5
LaTeX Font Info:    Redeclaring math symbol \hbar on input line 98.
LaTeX Font Info:    Overwriting math alphabet `\mathfrak' in version `bold'
(Font)                  U/euf/m/n --> U/euf/b/n on input line 106.
)) ("C:\Users\Kelvin\AppData\Local\Programs\MiKTeX 2.9\tex/latex/lm\lmodern.sty
"
Package: lmodern 2009/10/30 v1.6 Latin Modern Fonts
LaTeX Font Info:    Overwriting symbol font `operators' in version `normal'
(Font)                  OT1/cmr/m/n --> OT1/lmr/m/n on input line 22.
LaTeX Font Info:    Overwriting symbol font `letters' in version `normal'
(Font)                  OML/cmm/m/it --> OML/lmm/m/it on input line 23.
LaTeX Font Info:    Overwriting symbol font `symbols' in version `normal'
(Font)                  OMS/cmsy/m/n --> OMS/lmsy/m/n on input line 24.
LaTeX Font Info:    Overwriting symbol font `largesymbols' in version `normal'
(Font)                  OMX/cmex/m/n --> OMX/lmex/m/n on input line 25.
LaTeX Font Info:    Overwriting symbol font `operators' in version `bold'
(Font)                  OT1/cmr/bx/n --> OT1/lmr/bx/n on input line 26.
LaTeX Font Info:    Overwriting symbol font `letters' in version `bold'
(Font)                  OML/cmm/b/it --> OML/lmm/b/it on input line 27.
LaTeX Font Info:    Overwriting symbol font `symbols' in version `bold'
(Font)                  OMS/cmsy/b/n --> OMS/lmsy/b/n on input line 28.
LaTeX Font Info:    Overwriting symbol font `largesymbols' in version `bold'
(Font)                  OMX/cmex/m/n --> OMX/lmex/m/n on input line 29.
LaTeX Font Info:    Overwriting math alphabet `\mathbf' in version `normal'
(Font)                  OT1/cmr/bx/n --> OT1/lmr/bx/n on input line 31.
LaTeX Font Info:    Overwriting math alphabet `\mathsf' in version `normal'
(Font)                  OT1/cmss/m/n --> OT1/lmss/m/n on input line 32.
LaTeX Font Info:    Overwriting math alphabet `\mathit' in version `normal'
(Font)                  OT1/cmr/m/it --> OT1/lmr/m/it on input line 33.
LaTeX Font Info:    Overwriting math alphabet `\mathtt' in version `normal'
(Font)                  OT1/cmtt/m/n --> OT1/lmtt/m/n on input line 34.
LaTeX Font Info:    Overwriting math alphabet `\mathbf' in version `bold'
(Font)                  OT1/cmr/bx/n --> OT1/lmr/bx/n on input line 35.
LaTeX Font Info:    Overwriting math alphabet `\mathsf' in version `bold'
(Font)                  OT1/cmss/bx/n --> OT1/lmss/bx/n on input line 36.
LaTeX Font Info:    Overwriting math alphabet `\mathit' in version `bold'
(Font)                  OT1/cmr/bx/it --> OT1/lmr/bx/it on input line 37.
LaTeX Font Info:    Overwriting math alphabet `\mathtt' in version `bold'
(Font)                  OT1/cmtt/m/n --> OT1/lmtt/m/n on input line 38.
) ("C:\Users\Kelvin\AppData\Local\Programs\MiKTeX 2.9\tex/generic/iftex\iftex.s
ty"
Package: iftex 2020/03/06 v1.0d TeX engine tests
) ("C:\Users\Kelvin\AppData\Local\Programs\MiKTeX 2.9\tex/latex/base\fontenc.st
y"
Package: fontenc 2020/02/11 v2.0o Standard LaTeX package
LaTeX Font Info:    Trying to load font information for T1+lmr on input line 11
2.
("C:\Users\Kelvin\AppData\Local\Programs\MiKTeX 2.9\tex/latex/lm\t1lmr.fd"
File: t1lmr.fd 2009/10/30 v1.6 Font defs for Latin Modern
)) ("C:\Users\Kelvin\AppData\Local\Programs\MiKTeX 2.9\tex/latex/base\inputenc.
sty"
Package: inputenc 2018/08/11 v1.3c Input encoding file
\inpenc@prehook=\toks20
\inpenc@posthook=\toks21
) ("C:\Users\Kelvin\AppData\Local\Programs\MiKTeX 2.9\tex/latex/base\textcomp.s
ty"
Package: textcomp 2020/02/02 v2.0n Standard LaTeX package
)
("C:\Users\Kelvin\AppData\Local\Programs\MiKTeX 2.9\tex/latex/upquote\upquote.s
ty"
Package: upquote 2012/04/19 v1.3 upright-quote and grave-accent glyphs in verba
tim
)
("C:\Users\Kelvin\AppData\Local\Programs\MiKTeX 2.9\tex/latex/microtype\microty
pe.sty"
Package: microtype 2019/11/18 v2.7d Micro-typographical refinements (RS)

("C:\Users\Kelvin\AppData\Local\Programs\MiKTeX 2.9\tex/latex/graphics\keyval.s
ty"
Package: keyval 2014/10/28 v1.15 key=value parser (DPC)
\KV@toks@=\toks22
)
\MT@toks=\toks23
\MT@count=\count187
LaTeX Info: Redefining \textls on input line 790.
\MT@outer@kern=\dimen144
LaTeX Info: Redefining \textmicrotypecontext on input line 1354.
\MT@listname@count=\count188

("C:\Users\Kelvin\AppData\Local\Programs\MiKTeX 2.9\tex/latex/microtype\microty
pe-pdftex.def"
File: microtype-pdftex.def 2019/11/18 v2.7d Definitions specific to pdftex (RS)

LaTeX Info: Redefining \lsstyle on input line 914.
LaTeX Info: Redefining \lslig on input line 914.
\MT@outer@space=\skip52
)
Package microtype Info: Loading configuration file microtype.cfg.

("C:\Users\Kelvin\AppData\Local\Programs\MiKTeX 2.9\tex/latex/microtype\microty
pe.cfg"
File: microtype.cfg 2019/11/18 v2.7d microtype main configuration file (RS)
))
("C:\Users\Kelvin\AppData\Local\Programs\MiKTeX 2.9\tex/latex/parskip\parskip.s
ty"
Package: parskip 2020-01-22 v2.0d non-zero parskip adjustments

("C:\Users\Kelvin\AppData\Local\Programs\MiKTeX 2.9\tex/latex/kvoptions\kvoptio
ns.sty"
Package: kvoptions 2019/11/29 v3.13 Key value format for package options (HO)

("C:\Users\Kelvin\AppData\Local\Programs\MiKTeX 2.9\tex/generic/ltxcmds\ltxcmds
.sty"
Package: ltxcmds 2019/12/15 v1.24 LaTeX kernel commands for general use (HO)
)
("C:\Users\Kelvin\AppData\Local\Programs\MiKTeX 2.9\tex/generic/kvsetkeys\kvset
keys.sty"
Package: kvsetkeys 2019/12/15 v1.18 Key value parser (HO)
))
("C:\Users\Kelvin\AppData\Local\Programs\MiKTeX 2.9\tex/latex/etoolbox\etoolbox
.sty"
Package: etoolbox 2019/09/21 v2.5h e-TeX tools for LaTeX (JAW)
\etb@tempcnta=\count189
)) ("C:\Users\Kelvin\AppData\Local\Programs\MiKTeX 2.9\tex/latex/xcolor\xcolor.
sty"
Package: xcolor 2016/05/11 v2.12 LaTeX color extensions (UK)

("C:\Users\Kelvin\AppData\Local\Programs\MiKTeX 2.9\tex/latex/graphics-cfg\colo
r.cfg"
File: color.cfg 2016/01/02 v1.6 sample color configuration
)
Package xcolor Info: Driver file: pdftex.def on input line 225.

("C:\Users\Kelvin\AppData\Local\Programs\MiKTeX 2.9\tex/latex/graphics-def\pdft
ex.def"
File: pdftex.def 2018/01/08 v1.0l Graphics/color driver for pdftex
)
Package xcolor Info: Model `cmy' substituted by `cmy0' on input line 1348.
Package xcolor Info: Model `hsb' substituted by `rgb' on input line 1352.
Package xcolor Info: Model `RGB' extended on input line 1364.
Package xcolor Info: Model `HTML' substituted by `rgb' on input line 1366.
Package xcolor Info: Model `Hsb' substituted by `hsb' on input line 1367.
Package xcolor Info: Model `tHsb' substituted by `hsb' on input line 1368.
Package xcolor Info: Model `HSB' substituted by `hsb' on input line 1369.
Package xcolor Info: Model `Gray' substituted by `gray' on input line 1370.
Package xcolor Info: Model `wave' substituted by `hsb' on input line 1371.
) ("C:\Users\Kelvin\AppData\Local\Programs\MiKTeX 2.9\tex/latex/xurl\xurl.sty"
Package: xurl 2020/01/24 v 0.09 modify URL breaks
("C:\Users\Kelvin\AppData\Local\Programs\MiKTeX 2.9\tex/latex/url\url.sty"
\Urlmuskip=\muskip17
Package: url 2013/09/16  ver 3.4  Verb mode for urls, etc.
))
("C:\Users\Kelvin\AppData\Local\Programs\MiKTeX 2.9\tex/latex/bookmark\bookmark
.sty"
Package: bookmark 2019/12/03 v1.28 PDF bookmarks (HO)

("C:\Users\Kelvin\AppData\Local\Programs\MiKTeX 2.9\tex/latex/hyperref\hyperref
.sty"
Package: hyperref 2020/01/14 v7.00d Hypertext links for LaTeX

("C:\Users\Kelvin\AppData\Local\Programs\MiKTeX 2.9\tex/latex/pdftexcmds\pdftex
cmds.sty"
Package: pdftexcmds 2019/11/24 v0.31 Utility functions of pdfTeX for LuaTeX (HO
)

("C:\Users\Kelvin\AppData\Local\Programs\MiKTeX 2.9\tex/generic/infwarerr\infwa
rerr.sty"
Package: infwarerr 2019/12/03 v1.5 Providing info/warning/error messages (HO)
)
Package pdftexcmds Info: \pdf@primitive is available.
Package pdftexcmds Info: \pdf@ifprimitive is available.
Package pdftexcmds Info: \pdfdraftmode found.
)
("C:\Users\Kelvin\AppData\Local\Programs\MiKTeX 2.9\tex/generic/kvdefinekeys\kv
definekeys.sty"
Package: kvdefinekeys 2019-12-19 v1.6 Define keys (HO)
)
("C:\Users\Kelvin\AppData\Local\Programs\MiKTeX 2.9\tex/generic/pdfescape\pdfes
cape.sty"
Package: pdfescape 2019/12/09 v1.15 Implements pdfTeX's escape features (HO)
)
("C:\Users\Kelvin\AppData\Local\Programs\MiKTeX 2.9\tex/latex/hycolor\hycolor.s
ty"
Package: hycolor 2020-01-27 v1.10 Color options for hyperref/bookmark (HO)
)
("C:\Users\Kelvin\AppData\Local\Programs\MiKTeX 2.9\tex/latex/letltxmacro\letlt
xmacro.sty"
Package: letltxmacro 2019/12/03 v1.6 Let assignment for LaTeX macros (HO)
)
("C:\Users\Kelvin\AppData\Local\Programs\MiKTeX 2.9\tex/latex/auxhook\auxhook.s
ty"
Package: auxhook 2019-12-17 v1.6 Hooks for auxiliary files (HO)
)
\@linkdim=\dimen145
\Hy@linkcounter=\count190
\Hy@pagecounter=\count191

("C:\Users\Kelvin\AppData\Local\Programs\MiKTeX 2.9\tex/latex/hyperref\pd1enc.d
ef"
File: pd1enc.def 2020/01/14 v7.00d Hyperref: PDFDocEncoding definition (HO)
Now handling font encoding PD1 ...
... no UTF-8 mapping file for font encoding PD1
)
("C:\Users\Kelvin\AppData\Local\Programs\MiKTeX 2.9\tex/generic/intcalc\intcalc
.sty"
Package: intcalc 2019/12/15 v1.3 Expandable calculations with integers (HO)
)
("C:\Users\Kelvin\AppData\Local\Programs\MiKTeX 2.9\tex/generic/etexcmds\etexcm
ds.sty"
Package: etexcmds 2019/12/15 v1.7 Avoid name clashes with e-TeX commands (HO)
)
\Hy@SavedSpaceFactor=\count192
Package hyperref Info: Option `unicode' set `true' on input line 4421.

("C:\Users\Kelvin\AppData\Local\Programs\MiKTeX 2.9\tex/latex/hyperref\puenc.de
f"
File: puenc.def 2020/01/14 v7.00d Hyperref: PDF Unicode definition (HO)
Now handling font encoding PU ...
... no UTF-8 mapping file for font encoding PU
)
Package hyperref Info: Hyper figures OFF on input line 4547.
Package hyperref Info: Link nesting OFF on input line 4552.
Package hyperref Info: Hyper index ON on input line 4555.
Package hyperref Info: Plain pages OFF on input line 4562.
Package hyperref Info: Backreferencing OFF on input line 4567.
Package hyperref Info: Implicit mode ON; LaTeX internals redefined.
Package hyperref Info: Bookmarks ON on input line 4800.
\c@Hy@tempcnt=\count193
LaTeX Info: Redefining \url on input line 5159.
\XeTeXLinkMargin=\dimen146

("C:\Users\Kelvin\AppData\Local\Programs\MiKTeX 2.9\tex/generic/bitset\bitset.s
ty"
Package: bitset 2019/12/09 v1.3 Handle bit-vector datatype (HO)

("C:\Users\Kelvin\AppData\Local\Programs\MiKTeX 2.9\tex/generic/bigintcalc\bigi
ntcalc.sty"
Package: bigintcalc 2019/12/15 v1.5 Expandable calculations on big integers (HO
)
))
\Fld@menulength=\count194
\Field@Width=\dimen147
\Fld@charsize=\dimen148
Package hyperref Info: Hyper figures OFF on input line 6430.
Package hyperref Info: Link nesting OFF on input line 6435.
Package hyperref Info: Hyper index ON on input line 6438.
Package hyperref Info: backreferencing OFF on input line 6445.
Package hyperref Info: Link coloring OFF on input line 6450.
Package hyperref Info: Link coloring with OCG OFF on input line 6455.
Package hyperref Info: PDF/A mode OFF on input line 6460.
LaTeX Info: Redefining \ref on input line 6500.
LaTeX Info: Redefining \pageref on input line 6504.

("C:\Users\Kelvin\AppData\Local\Programs\MiKTeX 2.9\tex/generic/atbegshi\atbegs
hi.sty"
Package: atbegshi 2019/12/05 v1.19 At begin shipout hook (HO)
)
\Hy@abspage=\count195
\c@Item=\count196
\c@Hfootnote=\count197
)
Package hyperref Info: Driver (autodetected): hpdftex.

("C:\Users\Kelvin\AppData\Local\Programs\MiKTeX 2.9\tex/latex/hyperref\hpdftex.
def"
File: hpdftex.def 2020/01/14 v7.00d Hyperref driver for pdfTeX

("C:\Users\Kelvin\AppData\Local\Programs\MiKTeX 2.9\tex/latex/atveryend\atverye
nd.sty"
Package: atveryend 2019-12-11 v1.11 Hooks at the very end of document (HO)
)
\Fld@listcount=\count198
\c@bookmark@seq@number=\count199

("C:\Users\Kelvin\AppData\Local\Programs\MiKTeX 2.9\tex/latex/rerunfilecheck\re
runfilecheck.sty"
Package: rerunfilecheck 2019/12/05 v1.9 Rerun checks for auxiliary files (HO)

("C:\Users\Kelvin\AppData\Local\Programs\MiKTeX 2.9\tex/generic/uniquecounter\u
niquecounter.sty"
Package: uniquecounter 2019/12/15 v1.4 Provide unlimited unique counter (HO)
)
Package uniquecounter Info: New unique counter `rerunfilecheck' on input line 2
86.
)
\Hy@SectionHShift=\skip53
)
("C:\Users\Kelvin\AppData\Local\Programs\MiKTeX 2.9\tex/latex/bookmark\bkm-pdft
ex.def"
File: bkm-pdftex.def 2019/12/03 v1.28 bookmark driver for pdfTeX (HO)
\BKM@id=\count266
))
("C:\Users\Kelvin\AppData\Local\Programs\MiKTeX 2.9\tex/latex/geometry\geometry
.sty"
Package: geometry 2020/01/02 v5.9 Page Geometry

("C:\Users\Kelvin\AppData\Local\Programs\MiKTeX 2.9\tex/generic/iftex\ifvtex.st
y"
Package: ifvtex 2019/10/25 v1.7 ifvtex legacy package. Use iftex instead.
)
\Gm@cnth=\count267
\Gm@cntv=\count268
\c@Gm@tempcnt=\count269
\Gm@bindingoffset=\dimen149
\Gm@wd@mp=\dimen150
\Gm@odd@mp=\dimen151
\Gm@even@mp=\dimen152
\Gm@layoutwidth=\dimen153
\Gm@layoutheight=\dimen154
\Gm@layouthoffset=\dimen155
\Gm@layoutvoffset=\dimen156
\Gm@dimlist=\toks24

("C:\Users\Kelvin\AppData\Local\Programs\MiKTeX 2.9\tex/latex/geometry\geometry
.cfg"))
("C:\Users\Kelvin\AppData\Local\Programs\MiKTeX 2.9\tex/latex/fancyvrb\fancyvrb
.sty"
Package: fancyvrb 2020/01/13 v3.5 verbatim text (tvz,hv)
\FV@CodeLineNo=\count270
\FV@InFile=\read2
\FV@TabBox=\box47
\c@FancyVerbLine=\count271
\FV@StepNumber=\count272
\FV@OutFile=\write3
) ("C:\Users\Kelvin\AppData\Local\Programs\MiKTeX 2.9\tex/latex/framed\framed.s
ty"
Package: framed 2011/10/22 v 0.96: framed or shaded text with page breaks
\OuterFrameSep=\skip54
\fb@frw=\dimen157
\fb@frh=\dimen158
\FrameRule=\dimen159
\FrameSep=\dimen160
)
("C:\Users\Kelvin\AppData\Local\Programs\MiKTeX 2.9\tex/latex/graphics\graphicx
.sty"
Package: graphicx 2019/11/30 v1.2a Enhanced LaTeX Graphics (DPC,SPQR)

("C:\Users\Kelvin\AppData\Local\Programs\MiKTeX 2.9\tex/latex/graphics\graphics
.sty"
Package: graphics 2019/11/30 v1.4a Standard LaTeX Graphics (DPC,SPQR)
("C:\Users\Kelvin\AppData\Local\Programs\MiKTeX 2.9\tex/latex/graphics\trig.sty
"
Package: trig 2016/01/03 v1.10 sin cos tan (DPC)
)
("C:\Users\Kelvin\AppData\Local\Programs\MiKTeX 2.9\tex/latex/graphics-cfg\grap
hics.cfg"
File: graphics.cfg 2016/06/04 v1.11 sample graphics configuration
)
Package graphics Info: Driver file: pdftex.def on input line 105.
)
\Gin@req@height=\dimen161
\Gin@req@width=\dimen162
) ("C:\Users\Kelvin\AppData\Local\Programs\MiKTeX 2.9\tex/latex/tools\bm.sty"
Package: bm 2019/07/24 v1.2d Bold Symbol Support (DPC/FMi)
\symboldoperators=\mathgroup6
\symboldletters=\mathgroup7
\symboldsymbols=\mathgroup8
LaTeX Font Info:    Redeclaring math alphabet \mathbf on input line 141.
LaTeX Info: Redefining \bm on input line 209.
) ("C:\Users\Kelvin\AppData\Local\Programs\MiKTeX 2.9\tex/latex/amscls\amsthm.s
ty"
Package: amsthm 2020/05/29 v2.20.6
\thm@style=\toks25
\thm@bodyfont=\toks26
\thm@headfont=\toks27
\thm@notefont=\toks28
\thm@headpunct=\toks29
\thm@preskip=\skip55
\thm@postskip=\skip56
\thm@headsep=\skip57
\dth@everypar=\toks30
)
("C:\Users\Kelvin\AppData\Local\Programs\MiKTeX 2.9\tex/latex/fancyhdr\fancyhdr
.sty"
Package: fancyhdr 2019/01/31 v3.10 Extensive control of page headers and footer
s
\f@nch@headwidth=\skip58
\f@nch@O@elh=\skip59
\f@nch@O@erh=\skip60
\f@nch@O@olh=\skip61
\f@nch@O@orh=\skip62
\f@nch@O@elf=\skip63
\f@nch@O@erf=\skip64
\f@nch@O@olf=\skip65
\f@nch@O@orf=\skip66
)
("C:\Users\Kelvin\AppData\Local\Programs\MiKTeX 2.9\tex/latex/algorithms\algori
thm.sty"
Package: algorithm 2009/08/24 v0.1 Document Style `algorithm' - floating enviro
nment
("C:\Users\Kelvin\AppData\Local\Programs\MiKTeX 2.9\tex/latex/float\float.sty"
Package: float 2001/11/08 v1.3d Float enhancements (AL)
\c@float@type=\count273
\float@exts=\toks31
\float@box=\box48
\@float@everytoks=\toks32
\@floatcapt=\box49
) ("C:\Users\Kelvin\AppData\Local\Programs\MiKTeX 2.9\tex/latex/base\ifthen.sty
"
Package: ifthen 2014/09/29 v1.1c Standard LaTeX ifthen package (DPC)
)
\@float@every@algorithm=\toks33
\c@algorithm=\count274
)
("C:\Users\Kelvin\AppData\Local\Programs\MiKTeX 2.9\tex/latex/algorithmicx\algp
seudocode.sty"
Package: algpseudocode 

("C:\Users\Kelvin\AppData\Local\Programs\MiKTeX 2.9\tex/latex/algorithmicx\algo
rithmicx.sty"
Package: algorithmicx 2005/04/27 v1.2 Algorithmicx
Document Style algorithmicx 1.2 - a greatly improved `algorithmic' style
\c@ALG@line=\count275
\c@ALG@rem=\count276
\c@ALG@nested=\count277
\ALG@tlm=\skip67
\ALG@thistlm=\skip68
\c@ALG@Lnr=\count278
\c@ALG@blocknr=\count279
\c@ALG@storecount=\count280
\c@ALG@tmpcounter=\count281
\ALG@tmplength=\skip69
)
Document Style - pseudocode environments for use with the `algorithmicx' style
)
("C:\Users\Kelvin\AppData\Local\Programs\MiKTeX 2.9\tex/latex/booktabs\booktabs
.sty"
Package: booktabs 2020/01/12 v1.61803398 Publication quality tables
\heavyrulewidth=\dimen163
\lightrulewidth=\dimen164
\cmidrulewidth=\dimen165
\belowrulesep=\dimen166
\belowbottomsep=\dimen167
\aboverulesep=\dimen168
\abovetopsep=\dimen169
\cmidrulesep=\dimen170
\cmidrulekern=\dimen171
\defaultaddspace=\dimen172
\@cmidla=\count282
\@cmidlb=\count283
\@aboverulesep=\dimen173
\@belowrulesep=\dimen174
\@thisruleclass=\count284
\@lastruleclass=\count285
\@thisrulewidth=\dimen175
)
("C:\Users\Kelvin\AppData\Local\Programs\MiKTeX 2.9\tex/latex/tools\longtable.s
ty"
Package: longtable 2020/01/07 v4.13 Multi-page Table package (DPC)
\LTleft=\skip70
\LTright=\skip71
\LTpre=\skip72
\LTpost=\skip73
\LTchunksize=\count286
\LTcapwidth=\dimen176
\LT@head=\box50
\LT@firsthead=\box51
\LT@foot=\box52
\LT@lastfoot=\box53
\LT@cols=\count287
\LT@rows=\count288
\c@LT@tables=\count289
\c@LT@chunks=\count290
\LT@p@ftn=\toks34
) ("C:\Users\Kelvin\AppData\Local\Programs\MiKTeX 2.9\tex/latex/tools\array.sty
"
Package: array 2019/08/31 v2.4l Tabular extension package (FMi)
\col@sep=\dimen177
\ar@mcellbox=\box54
\extrarowheight=\dimen178
\NC@list=\toks35
\extratabsurround=\skip74
\backup@length=\skip75
\ar@cellbox=\box55
)
("C:\Users\Kelvin\AppData\Local\Programs\MiKTeX 2.9\tex/latex/multirow\multirow
.sty"
Package: multirow 2019/05/31 v2.5 Span multiple rows of a table
\multirow@colwidth=\skip76
\multirow@cntb=\count291
\multirow@dima=\skip77
\bigstrutjot=\dimen179
)
("C:\Users\Kelvin\AppData\Local\Programs\MiKTeX 2.9\tex/latex/wrapfig\wrapfig.s
ty"
\wrapoverhang=\dimen180
\WF@size=\dimen181
\c@WF@wrappedlines=\count292
\WF@box=\box56
\WF@everypar=\toks36
Package: wrapfig 2003/01/31  v 3.6
)
("C:\Users\Kelvin\AppData\Local\Programs\MiKTeX 2.9\tex/latex/colortbl\colortbl
.sty"
Package: colortbl 2020/01/04 v1.0e Color table columns (DPC)
\everycr=\toks37
\minrowclearance=\skip78
)
("C:\Users\Kelvin\AppData\Local\Programs\MiKTeX 2.9\tex/latex/pdflscape\pdflsca
pe.sty"
Package: pdflscape 2019/12/05 v0.12 Display of landscape pages in PDF (HO)

("C:\Users\Kelvin\AppData\Local\Programs\MiKTeX 2.9\tex/latex/graphics\lscape.s
ty"
Package: lscape 2000/10/22 v3.01 Landscape Pages (DPC)
)
Package pdflscape Info: Auto-detected driver: pdftex on input line 81.
) ("C:\Users\Kelvin\AppData\Local\Programs\MiKTeX 2.9\tex/latex/tabu\tabu.sty"
Package: tabu 2019/01/11 v2.9 - flexible LaTeX tabulars (FC+tabu-fixed)

("C:\Users\Kelvin\AppData\Local\Programs\MiKTeX 2.9\tex/latex/varwidth\varwidth
.sty"
Package: varwidth 2009/03/30 ver 0.92;  Variable-width minipages
\@vwid@box=\box57
\sift@deathcycles=\count293
\@vwid@loff=\dimen182
\@vwid@roff=\dimen183
)
\c@taburow=\count294
\tabu@nbcols=\count295
\tabu@cnt=\count296
\tabu@Xcol=\count297
\tabu@alloc=\count298
\tabu@nested=\count299
\tabu@target=\dimen184
\tabu@spreadtarget=\dimen185
\tabu@naturalX=\dimen186
\tabucolX=\dimen187
\tabu@Xsum=\dimen188
\extrarowdepth=\dimen189
\abovetabulinesep=\dimen190
\belowtabulinesep=\dimen191
\tabustrutrule=\dimen192
\tabu@thebody=\toks38
\tabu@footnotes=\toks39
\tabu@box=\box58
\tabu@arstrutbox=\box59
\tabu@hleads=\box60
\tabu@vleads=\box61
\tabu@cellskip=\skip79
)
("C:\Users\Kelvin\AppData\Local\Programs\MiKTeX 2.9\tex/latex/threeparttable\th
reeparttable.sty"
Package: threeparttable 2003/06/13  v 3.0
\@tempboxb=\box62
)
("C:\Users\Kelvin\AppData\Local\Programs\MiKTeX 2.9\tex/latex/threeparttablex\t
hreeparttablex.sty"
Package: threeparttablex 2013/07/23 v0.3 by daleif

("C:\Users\Kelvin\AppData\Local\Programs\MiKTeX 2.9\tex/latex/environ\environ.s
ty"
Package: environ 2014/05/04 v0.3 A new way to define environments

("C:\Users\Kelvin\AppData\Local\Programs\MiKTeX 2.9\tex/latex/trimspaces\trimsp
aces.sty"
Package: trimspaces 2009/09/17 v1.1 Trim spaces around a token list
))
\TPTL@width=\skip80
) ("C:\Users\Kelvin\AppData\Local\Programs\MiKTeX 2.9\tex/latex/ulem\ulem.sty"
\UL@box=\box63
\UL@hyphenbox=\box64
\UL@skip=\skip81
\UL@hook=\toks40
\UL@height=\dimen193
\UL@pe=\count300
\UL@pixel=\dimen194
\ULC@box=\box65
Package: ulem 2019/11/18
\ULdepth=\dimen195
)
("C:\Users\Kelvin\AppData\Local\Programs\MiKTeX 2.9\tex/latex/makecell\makecell
.sty"
Package: makecell 2009/08/03 V0.1e Managing of Tab Column Heads and Cells
\rotheadsize=\dimen196
\c@nlinenum=\count301
\TeXr@lab=\toks41
)
("C:\Users\Kelvin\AppData\Local\Programs\MiKTeX 2.9\tex/latex/l3backend\l3backe
nd-pdfmode.def"
File: l3backend-pdfmode.def 2020-03-12 L3 backend support: PDF mode
\l__kernel_color_stack_int=\count302
\l__pdf_internal_box=\box66
) (Hazard_and_Risk_plot_updated.aux)
\openout1 = `Hazard_and_Risk_plot_updated.aux'.

LaTeX Font Info:    Checking defaults for OML/cmm/m/it on input line 137.
LaTeX Font Info:    ... okay on input line 137.
LaTeX Font Info:    Checking defaults for OMS/cmsy/m/n on input line 137.
LaTeX Font Info:    ... okay on input line 137.
LaTeX Font Info:    Checking defaults for OT1/cmr/m/n on input line 137.
LaTeX Font Info:    ... okay on input line 137.
LaTeX Font Info:    Checking defaults for T1/cmr/m/n on input line 137.
LaTeX Font Info:    ... okay on input line 137.
LaTeX Font Info:    Checking defaults for TS1/cmr/m/n on input line 137.
LaTeX Font Info:    ... okay on input line 137.
LaTeX Font Info:    Checking defaults for OMX/cmex/m/n on input line 137.
LaTeX Font Info:    ... okay on input line 137.
LaTeX Font Info:    Checking defaults for U/cmr/m/n on input line 137.
LaTeX Font Info:    ... okay on input line 137.
LaTeX Font Info:    Checking defaults for PD1/pdf/m/n on input line 137.
LaTeX Font Info:    ... okay on input line 137.
LaTeX Font Info:    Checking defaults for PU/pdf/m/n on input line 137.
LaTeX Font Info:    ... okay on input line 137.
LaTeX Info: Redefining \microtypecontext on input line 137.
Package microtype Info: Generating PDF output.
Package microtype Info: Character protrusion enabled (level 2).
Package microtype Info: Using protrusion set `basicmath'.
Package microtype Info: Automatic font expansion enabled (level 2),
(microtype)             stretch: 20, shrink: 20, step: 1, non-selected.
Package microtype Info: Using default expansion set `basictext'.
LaTeX Info: Redefining \showhyphens on input line 137.
Package microtype Info: No adjustment of tracking.
Package microtype Info: No adjustment of interword spacing.
Package microtype Info: No adjustment of character kerning.

("C:\Users\Kelvin\AppData\Local\Programs\MiKTeX 2.9\tex/latex/microtype\mt-cmr.
cfg"
File: mt-cmr.cfg 2013/05/19 v2.2 microtype config. file: Computer Modern Roman 
(RS)
)
("C:\Users\Kelvin\AppData\Local\Programs\MiKTeX 2.9\tex/context/base/mkii\supp-
pdf.mkii"
[Loading MPS to PDF converter (version 2006.09.02).]
\scratchcounter=\count303
\scratchdimen=\dimen197
\scratchbox=\box67
\nofMPsegments=\count304
\nofMParguments=\count305
\everyMPshowfont=\toks42
\MPscratchCnt=\count306
\MPscratchDim=\dimen198
\MPnumerator=\count307
\makeMPintoPDFobject=\count308
\everyMPtoPDFconversion=\toks43
)
("C:\Users\Kelvin\AppData\Local\Programs\MiKTeX 2.9\tex/latex/epstopdf-pkg\epst
opdf-base.sty"
Package: epstopdf-base 2020-01-24 v2.11 Base part for package epstopdf
Package epstopdf-base Info: Redefining graphics rule for `.eps' on input line 4
85.
)
\AtBeginShipoutBox=\box68
Package hyperref Info: Link coloring OFF on input line 137.

("C:\Users\Kelvin\AppData\Local\Programs\MiKTeX 2.9\tex/latex/hyperref\nameref.
sty"
Package: nameref 2019/09/16 v2.46 Cross-referencing by name of section

("C:\Users\Kelvin\AppData\Local\Programs\MiKTeX 2.9\tex/latex/refcount\refcount
.sty"
Package: refcount 2019/12/15 v3.6 Data extraction from label references (HO)
)
("C:\Users\Kelvin\AppData\Local\Programs\MiKTeX 2.9\tex/generic/gettitlestring\
gettitlestring.sty"
Package: gettitlestring 2019/12/15 v1.6 Cleanup title references (HO)
)
\c@section@level=\count309
)
LaTeX Info: Redefining \ref on input line 137.
LaTeX Info: Redefining \pageref on input line 137.
LaTeX Info: Redefining \nameref on input line 137.
*geometry* driver: auto-detecting
*geometry* detected driver: pdftex
*geometry* verbose mode - [ preamble ] result:
* driver: pdftex
* paper: <default>
* layout: <same size as paper>
* layoutoffset:(h,v)=(0.0pt,0.0pt)
* modes: 
* h-part:(L,W,R)=(72.26999pt, 469.75502pt, 72.26999pt)
* v-part:(T,H,B)=(72.26999pt, 650.43001pt, 72.26999pt)
* \paperwidth=614.295pt
* \paperheight=794.96999pt
* \textwidth=469.75502pt
* \textheight=650.43001pt
* \oddsidemargin=0.0pt
* \evensidemargin=0.0pt
* \topmargin=-37.0pt
* \headheight=12.0pt
* \headsep=25.0pt
* \topskip=11.0pt
* \footskip=30.0pt
* \marginparwidth=59.0pt
* \marginparsep=10.0pt
* \columnsep=10.0pt
* \skip\footins=10.0pt plus 4.0pt minus 2.0pt
* \hoffset=0.0pt
* \voffset=0.0pt
* \mag=1000
* \@twocolumnfalse
* \@twosidefalse
* \@mparswitchfalse
* \@reversemarginfalse
* (1in=72.27pt=25.4mm, 1cm=28.453pt)

LaTeX Font Info:    Trying to load font information for OT1+lmr on input line 1
39.
("C:\Users\Kelvin\AppData\Local\Programs\MiKTeX 2.9\tex/latex/lm\ot1lmr.fd"
File: ot1lmr.fd 2009/10/30 v1.6 Font defs for Latin Modern
)
LaTeX Font Info:    Trying to load font information for OML+lmm on input line 1
39.
("C:\Users\Kelvin\AppData\Local\Programs\MiKTeX 2.9\tex/latex/lm\omllmm.fd"
File: omllmm.fd 2009/10/30 v1.6 Font defs for Latin Modern
)
LaTeX Font Info:    Trying to load font information for OMS+lmsy on input line 
139.
("C:\Users\Kelvin\AppData\Local\Programs\MiKTeX 2.9\tex/latex/lm\omslmsy.fd"
File: omslmsy.fd 2009/10/30 v1.6 Font defs for Latin Modern
)
LaTeX Font Info:    Trying to load font information for OMX+lmex on input line 
139.
("C:\Users\Kelvin\AppData\Local\Programs\MiKTeX 2.9\tex/latex/lm\omxlmex.fd"
File: omxlmex.fd 2009/10/30 v1.6 Font defs for Latin Modern
)
LaTeX Font Info:    External font `lmex10' loaded for size
(Font)              <12> on input line 139.
LaTeX Font Info:    External font `lmex10' loaded for size
(Font)              <8> on input line 139.
LaTeX Font Info:    External font `lmex10' loaded for size
(Font)              <6> on input line 139.
LaTeX Font Info:    Trying to load font information for U+msa on input line 139
.
("C:\Users\Kelvin\AppData\Local\Programs\MiKTeX 2.9\tex/latex/amsfonts\umsa.fd"
File: umsa.fd 2013/01/14 v3.01 AMS symbols A
)
("C:\Users\Kelvin\AppData\Local\Programs\MiKTeX 2.9\tex/latex/microtype\mt-msa.
cfg"
File: mt-msa.cfg 2006/02/04 v1.1 microtype config. file: AMS symbols (a) (RS)
)
LaTeX Font Info:    Trying to load font information for U+msb on input line 139
.
("C:\Users\Kelvin\AppData\Local\Programs\MiKTeX 2.9\tex/latex/amsfonts\umsb.fd"
File: umsb.fd 2013/01/14 v3.01 AMS symbols B
)
("C:\Users\Kelvin\AppData\Local\Programs\MiKTeX 2.9\tex/latex/microtype\mt-msb.
cfg"
File: mt-msb.cfg 2005/06/01 v1.0 microtype config. file: AMS symbols (b) (RS)
) (Hazard_and_Risk_plot_updated.toc
LaTeX Font Info:    External font `lmex10' loaded for size
(Font)              <10.95> on input line 2.
)
\tf@toc=\write4
\openout4 = `Hazard_and_Risk_plot_updated.toc'.

[1

{C:/Users/Kelvin/AppData/Local/MiKTeX/2.9/pdftex/config/pdftex.map}]
LaTeX Font Info:    Trying to load font information for T1+lmtt on input line 1
48.
("C:\Users\Kelvin\AppData\Local\Programs\MiKTeX 2.9\tex/latex/lm\t1lmtt.fd"
File: t1lmtt.fd 2009/10/30 v1.6 Font defs for Latin Modern
)

Package Fancyhdr Warning: \headheight is too small (12.0pt): 
Make it at least 13.59999pt.
We now make it that large for the rest of the document.
This may cause the page layout to be inconsistent, however.

[2] [3] [4]
Overfull \hbox (4.59796pt too wide) in paragraph at lines 292--347
[][] 
 []

[5] [6]
Overfull \vbox (16.46925pt too high) has occurred while \output is active []

[7]
<Hazard_and_Risk_plot_updated_files/figure-latex/unnamed-chunk-6-1.pdf, id=64, 
469.755pt x 325.215pt>
File: Hazard_and_Risk_plot_updated_files/figure-latex/unnamed-chunk-6-1.pdf Gra
phic file (type pdf)
<use Hazard_and_Risk_plot_updated_files/figure-latex/unnamed-chunk-6-1.pdf>
Package pdftex.def Info: Hazard_and_Risk_plot_updated_files/figure-latex/unname
d-chunk-6-1.pdf  used on input line 469.
(pdftex.def)             Requested size: 469.75386pt x 325.2142pt.
LaTeX Font Info:    Trying to load font information for TS1+lmtt on input line 
478.
("C:\Users\Kelvin\AppData\Local\Programs\MiKTeX 2.9\tex/latex/lm\ts1lmtt.fd"
File: ts1lmtt.fd 2009/10/30 v1.6 Font defs for Latin Modern
)
<Hazard_and_Risk_plot_updated_files/figure-latex/unnamed-chunk-6-2.pdf, id=65, 
469.755pt x 325.215pt>
File: Hazard_and_Risk_plot_updated_files/figure-latex/unnamed-chunk-6-2.pdf Gra
phic file (type pdf)
<use Hazard_and_Risk_plot_updated_files/figure-latex/unnamed-chunk-6-2.pdf>
Package pdftex.def Info: Hazard_and_Risk_plot_updated_files/figure-latex/unname
d-chunk-6-2.pdf  used on input line 485.
(pdftex.def)             Requested size: 469.75386pt x 325.2142pt.
[8 <./Hazard_and_Risk_plot_updated_files/figure-latex/unnamed-chunk-6-1.pdf>] [
9 <./Hazard_and_Risk_plot_updated_files/figure-latex/unnamed-chunk-6-2.pdf>]
<Hazard_and_Risk_plot_updated_files/figure-latex/unnamed-chunk-7-1.pdf, id=90, 
469.755pt x 325.215pt>
File: Hazard_and_Risk_plot_updated_files/figure-latex/unnamed-chunk-7-1.pdf Gra
phic file (type pdf)
<use Hazard_and_Risk_plot_updated_files/figure-latex/unnamed-chunk-7-1.pdf>
Package pdftex.def Info: Hazard_and_Risk_plot_updated_files/figure-latex/unname
d-chunk-7-1.pdf  used on input line 532.
(pdftex.def)             Requested size: 469.75386pt x 325.2142pt.
<Hazard_and_Risk_plot_updated_files/figure-latex/unnamed-chunk-7-2.pdf, id=91, 
469.755pt x 325.215pt>
File: Hazard_and_Risk_plot_updated_files/figure-latex/unnamed-chunk-7-2.pdf Gra
phic file (type pdf)
<use Hazard_and_Risk_plot_updated_files/figure-latex/unnamed-chunk-7-2.pdf>
Package pdftex.def Info: Hazard_and_Risk_plot_updated_files/figure-latex/unname
d-chunk-7-2.pdf  used on input line 542.
(pdftex.def)             Requested size: 469.75386pt x 325.2142pt.
[10 <./Hazard_and_Risk_plot_updated_files/figure-latex/unnamed-chunk-7-1.pdf>] 
[11 <./Hazard_and_Risk_plot_updated_files/figure-latex/unnamed-chunk-7-2.pdf>]
<Hazard_and_Risk_plot_updated_files/figure-latex/unnamed-chunk-8-1.pdf, id=116,
 469.755pt x 325.215pt>
File: Hazard_and_Risk_plot_updated_files/figure-latex/unnamed-chunk-8-1.pdf Gra
phic file (type pdf)
<use Hazard_and_Risk_plot_updated_files/figure-latex/unnamed-chunk-8-1.pdf>
Package pdftex.def Info: Hazard_and_Risk_plot_updated_files/figure-latex/unname
d-chunk-8-1.pdf  used on input line 561.
(pdftex.def)             Requested size: 469.75386pt x 325.2142pt.

Underfull \hbox (badness 10000) in paragraph at lines 561--570
[][]
 []

[12 <./Hazard_and_Risk_plot_updated_files/figure-latex/unnamed-chunk-8-1.pdf>]
<Hazard_and_Risk_plot_updated_files/figure-latex/unnamed-chunk-9-1.pdf, id=127,
 469.755pt x 325.215pt>
File: Hazard_and_Risk_plot_updated_files/figure-latex/unnamed-chunk-9-1.pdf Gra
phic file (type pdf)
<use Hazard_and_Risk_plot_updated_files/figure-latex/unnamed-chunk-9-1.pdf>
Package pdftex.def Info: Hazard_and_Risk_plot_updated_files/figure-latex/unname
d-chunk-9-1.pdf  used on input line 587.
(pdftex.def)             Requested size: 469.75386pt x 325.2142pt.

Underfull \hbox (badness 10000) in paragraph at lines 587--595
[][]
 []

[13 <./Hazard_and_Risk_plot_updated_files/figure-latex/unnamed-chunk-9-1.pdf>]
<Hazard_and_Risk_plot_updated_files/figure-latex/unnamed-chunk-10-1.pdf, id=139
, 469.755pt x 325.215pt>
File: Hazard_and_Risk_plot_updated_files/figure-latex/unnamed-chunk-10-1.pdf Gr
aphic file (type pdf)
<use Hazard_and_Risk_plot_updated_files/figure-latex/unnamed-chunk-10-1.pdf>
Package pdftex.def Info: Hazard_and_Risk_plot_updated_files/figure-latex/unname
d-chunk-10-1.pdf  used on input line 659.
(pdftex.def)             Requested size: 469.75386pt x 325.2142pt.
[14]
<Hazard_and_Risk_plot_updated_files/figure-latex/unnamed-chunk-10-2.pdf, id=146
, 469.755pt x 325.215pt>
File: Hazard_and_Risk_plot_updated_files/figure-latex/unnamed-chunk-10-2.pdf Gr
aphic file (type pdf)
<use Hazard_and_Risk_plot_updated_files/figure-latex/unnamed-chunk-10-2.pdf>
Package pdftex.def Info: Hazard_and_Risk_plot_updated_files/figure-latex/unname
d-chunk-10-2.pdf  used on input line 667.
(pdftex.def)             Requested size: 469.75386pt x 325.2142pt.
[15 <./Hazard_and_Risk_plot_updated_files/figure-latex/unnamed-chunk-10-1.pdf>]
<Hazard_and_Risk_plot_updated_files/figure-latex/unnamed-chunk-10-3.pdf, id=156
, 469.755pt x 325.215pt>
File: Hazard_and_Risk_plot_updated_files/figure-latex/unnamed-chunk-10-3.pdf Gr
aphic file (type pdf)
<use Hazard_and_Risk_plot_updated_files/figure-latex/unnamed-chunk-10-3.pdf>
Package pdftex.def Info: Hazard_and_Risk_plot_updated_files/figure-latex/unname
d-chunk-10-3.pdf  used on input line 675.
(pdftex.def)             Requested size: 469.75386pt x 325.2142pt.
[16 <./Hazard_and_Risk_plot_updated_files/figure-latex/unnamed-chunk-10-2.pdf>]
<Hazard_and_Risk_plot_updated_files/figure-latex/unnamed-chunk-11-1.pdf, id=166
, 469.755pt x 325.215pt>
File: Hazard_and_Risk_plot_updated_files/figure-latex/unnamed-chunk-11-1.pdf Gr
aphic file (type pdf)
<use Hazard_and_Risk_plot_updated_files/figure-latex/unnamed-chunk-11-1.pdf>
Package pdftex.def Info: Hazard_and_Risk_plot_updated_files/figure-latex/unname
d-chunk-11-1.pdf  used on input line 686.
(pdftex.def)             Requested size: 469.75386pt x 325.2142pt.
[17 <./Hazard_and_Risk_plot_updated_files/figure-latex/unnamed-chunk-10-3.pdf>]
<Hazard_and_Risk_plot_updated_files/figure-latex/unnamed-chunk-11-2.pdf, id=176
, 469.755pt x 325.215pt>
File: Hazard_and_Risk_plot_updated_files/figure-latex/unnamed-chunk-11-2.pdf Gr
aphic file (type pdf)
<use Hazard_and_Risk_plot_updated_files/figure-latex/unnamed-chunk-11-2.pdf>
Package pdftex.def Info: Hazard_and_Risk_plot_updated_files/figure-latex/unname
d-chunk-11-2.pdf  used on input line 694.
(pdftex.def)             Requested size: 469.75386pt x 325.2142pt.
[18 <./Hazard_and_Risk_plot_updated_files/figure-latex/unnamed-chunk-11-1.pdf>]
<Hazard_and_Risk_plot_updated_files/figure-latex/unnamed-chunk-12-1.pdf, id=187
, 469.755pt x 325.215pt>
File: Hazard_and_Risk_plot_updated_files/figure-latex/unnamed-chunk-12-1.pdf Gr
aphic file (type pdf)
<use Hazard_and_Risk_plot_updated_files/figure-latex/unnamed-chunk-12-1.pdf>
Package pdftex.def Info: Hazard_and_Risk_plot_updated_files/figure-latex/unname
d-chunk-12-1.pdf  used on input line 737.
(pdftex.def)             Requested size: 469.75386pt x 325.2142pt.
[19 <./Hazard_and_Risk_plot_updated_files/figure-latex/unnamed-chunk-11-2.pdf>]
<Hazard_and_Risk_plot_updated_files/figure-latex/unnamed-chunk-14-1.pdf, id=199
, 469.755pt x 325.215pt>
File: Hazard_and_Risk_plot_updated_files/figure-latex/unnamed-chunk-14-1.pdf Gr
aphic file (type pdf)
<use Hazard_and_Risk_plot_updated_files/figure-latex/unnamed-chunk-14-1.pdf>
Package pdftex.def Info: Hazard_and_Risk_plot_updated_files/figure-latex/unname
d-chunk-14-1.pdf  used on input line 766.
(pdftex.def)             Requested size: 469.75386pt x 325.2142pt.
Package atveryend Info: Empty hook `BeforeClearDocument' on input line 768.
[20 <./Hazard_and_Risk_plot_updated_files/figure-latex/unnamed-chunk-12-1.pdf>]
[21 <./Hazard_and_Risk_plot_updated_files/figure-latex/unnamed-chunk-14-1.pdf>]
Package atveryend Info: Empty hook `AfterLastShipout' on input line 768.
(Hazard_and_Risk_plot_updated.aux)
Package atveryend Info: Executing hook `AtVeryEndDocument' on input line 768.
Package atveryend Info: Empty hook `AtEndAfterFileList' on input line 768.
 ) 
Here is how much of TeX's memory you used:
 15778 strings out of 480931
 238531 string characters out of 2899327
 539305 words of memory out of 3000000
 31267 multiletter control sequences out of 15000+200000
 590710 words of font info for 80 fonts, out of 3000000 for 9000
 1141 hyphenation exceptions out of 8191
 41i,11n,45p,1015b,353s stack positions out of 5000i,500n,10000p,200000b,50000s
{C:/Users/Kelvin/AppData/Local/Programs/MiKTeX 2.9/fonts/enc/dvips/lm/lm-ec.e
nc}{C:/Users/Kelvin/AppData/Local/Programs/MiKTeX 2.9/fonts/enc/dvips/lm/lm-ts1
.enc}<C:/Users/Kelvin/AppData/Local/Programs/MiKTeX 2.9/fonts/type1/public/lm/l
mbx10.pfb><C:/Users/Kelvin/AppData/Local/Programs/MiKTeX 2.9/fonts/type1/public
/lm/lmbx12.pfb><C:/Users/Kelvin/AppData/Local/Programs/MiKTeX 2.9/fonts/type1/p
ublic/lm/lmbxi10.pfb><C:/Users/Kelvin/AppData/Local/Programs/MiKTeX 2.9/fonts/t
ype1/public/lm/lmr10.pfb><C:/Users/Kelvin/AppData/Local/Programs/MiKTeX 2.9/fon
ts/type1/public/lm/lmr12.pfb><C:/Users/Kelvin/AppData/Local/Programs/MiKTeX 2.9
/fonts/type1/public/lm/lmr17.pfb><C:/Users/Kelvin/AppData/Local/Programs/MiKTeX
 2.9/fonts/type1/public/lm/lmtt10.pfb><C:/Users/Kelvin/AppData/Local/Programs/M
iKTeX 2.9/fonts/type1/public/lm/lmtti10.pfb>
Output written on Hazard_and_Risk_plot_updated.pdf (21 pages, 1979361 bytes).
PDF statistics:
 294 PDF objects out of 1000 (max. 8388607)
 37 named destinations out of 1000 (max. 500000)
 8346 words of extra memory for PDF output out of 10000 (max. 10000000)

